 5.11273765e+03 5.11797844e+03
 5.11427668e+03 5.12059412e+03
 5.11083623e+03 5.11474203e+03
 5.11150326e+03 5.11587848e+03
 5.11156150e+03 5.11597768e+03
 5.11511564e+03 5.12201950e+03
 5.10879557e+03 5.11125124e+03
 5.10806314e+03 5.10998975e+03
 5.11093270e+03 5.11490685e+03
 5.10924778e+03 5.11202735e+03
 5.11144016e+03 5.11577123e+03
 5.11432553e+03 5.12067709e+03
 5.11284884e+03 5.11816750e+03
 5.11496381e+03 5.12176165e+03
 5.11458437e+03 5.12111694e+03
 5.11575990e+03 5.12311411e+03
 5.10993783e+03 5.11320883e+03
 5.11575990e+03 5.12311411e+03
 5.10993783e+03 5.11320883e+03
 5.11619510e+03 5.12385355e+03
 5.11617370e+03 5.12381715e+03
 5.11842840e+03 5.12764733e+03
 5.11801250e+03 5.12694079e+03
 5.11589200e+03 5.12333863e+03
 5.11850440e+03 5.12777630e+03
 5.12107790e+03 5.13214794e+03
 5.12244820e+03 5.13447572e+03
 5.11591510e+03 5.12337776e+03
 5.12146280e+03 5.13280183e+03
 5.11996580e+03 5.13025882e+03
 5.12390930e+03 5.13695751e+03
 5.12786280e+03 5.14393363e+03
